build/app/intermediates/manifest_merge_blame_file/release/manifest-merger-blame-release-report.txt
1<?xml version="1.0" encoding="utf-8"?>
2<manifest xmlns:android="http://schemas.android.com/apk/res/android"
3    package="com.panaceasoft.flutterbuyandsell"
4    android:versionCode="12"
5    android:versionName="1.9.0" >
6
7    <uses-sdk
8        android:minSdkVersion="21"
8-->src\main\AndroidManifest.xml
9        android:targetSdkVersion="29" />
9-->src\main\AndroidManifest.xml
10    <!--
11         io.flutter.app.FlutterApplication is an android.app.Application that
12         calls FlutterMain.startInitialization(this); in its onCreate method.
13         In most cases you can leave this as-is, but you if you want to provide
14         additional functionality it is fine to subclass or reimplement
15         FlutterApplication and put your custom class here.
16    -->
17    <uses-permission android:name="android.permission.INTERNET" />
17-->src\main\AndroidManifest.xml:8:5-67
17-->src\main\AndroidManifest.xml:8:22-64
18    <uses-permission android:name="android.permission.WRITE_EXTERNAL_STORAGE" />
18-->src\main\AndroidManifest.xml:9:5-81
18-->src\main\AndroidManifest.xml:9:22-78
19    <uses-permission android:name="android.permission.READ_EXTERNAL_STORAGE" />
19-->src\main\AndroidManifest.xml:10:5-80
19-->src\main\AndroidManifest.xml:10:22-77
20    <uses-permission android:name="android.permission.VIBRATE" />
20-->src\main\AndroidManifest.xml:11:5-66
20-->src\main\AndroidManifest.xml:11:22-63
21    <uses-permission android:name="android.permission.RECEIVE_BOOT_COMPLETED" />
21-->src\main\AndroidManifest.xml:12:5-80
21-->src\main\AndroidManifest.xml:12:22-78
22    <uses-permission android:name="android.permission.CAMERA" />
22-->src\main\AndroidManifest.xml:13:5-65
22-->src\main\AndroidManifest.xml:13:22-62
23    <uses-permission android:name="android.permission.FLASHLIGHT" />
23-->src\main\AndroidManifest.xml:14:5-69
23-->src\main\AndroidManifest.xml:14:22-66
24    <uses-permission android:name="android.permission.ACCESS_FINE_LOCATION" />
24-->[:geolocator] AndroidManifest.xml:7:5-79
24-->[:geolocator] AndroidManifest.xml:7:22-76
25    <uses-permission android:name="android.permission.ACCESS_NETWORK_STATE" />
25-->[:connectivity] AndroidManifest.xml:7:5-79
25-->[:connectivity] AndroidManifest.xml:7:22-76
26    <uses-permission android:name="android.permission.ACCESS_WIFI_STATE" />
26-->[:connectivity] AndroidManifest.xml:8:5-76
26-->[:connectivity] AndroidManifest.xml:8:22-73
27
28    <uses-feature
28-->[com.google.android.gms:play-services-maps:17.0.0] AndroidManifest.xml:26:5-28:35
29        android:glEsVersion="0x00020000"
29-->[com.google.android.gms:play-services-maps:17.0.0] AndroidManifest.xml:27:9-41
30        android:required="true" />
30-->[com.google.android.gms:play-services-maps:17.0.0] AndroidManifest.xml:28:9-32
31
32    <uses-permission android:name="android.permission.WAKE_LOCK" /> <!-- Required by older versions of Google Play services to create IID tokens -->
32-->[com.google.android.gms:play-services-measurement-api:17.4.1] AndroidManifest.xml:24:5-68
32-->[com.google.android.gms:play-services-measurement-api:17.4.1] AndroidManifest.xml:24:22-65
33    <uses-permission android:name="com.google.android.c2dm.permission.RECEIVE" />
33-->[com.google.firebase:firebase-iid:20.1.7] AndroidManifest.xml:26:5-82
33-->[com.google.firebase:firebase-iid:20.1.7] AndroidManifest.xml:26:22-79
34    <uses-permission android:name="com.google.android.finsky.permission.BIND_GET_INSTALL_REFERRER_SERVICE" />
34-->[com.google.android.gms:play-services-measurement:17.4.1] AndroidManifest.xml:26:5-110
34-->[com.google.android.gms:play-services-measurement:17.4.1] AndroidManifest.xml:26:22-107
35
36    <uses-feature
36-->[io.card:android-sdk:5.5.1] AndroidManifest.xml:12:5-14:36
37        android:name="android.hardware.camera"
37-->[io.card:android-sdk:5.5.1] AndroidManifest.xml:13:9-47
38        android:required="false" />
38-->[io.card:android-sdk:5.5.1] AndroidManifest.xml:14:9-33
39    <uses-feature
39-->[io.card:android-sdk:5.5.1] AndroidManifest.xml:15:5-17:36
40        android:name="android.hardware.camera.autofocus"
40-->[io.card:android-sdk:5.5.1] AndroidManifest.xml:16:9-57
41        android:required="false" />
41-->[io.card:android-sdk:5.5.1] AndroidManifest.xml:17:9-33
42    <!--
43 android:name="io.flutter.app.FlutterApplication"
44    android:name="io.flutter.app.FlutterApplication"
45    android:name=".Application"
46    -->
47    <application
47-->src\main\AndroidManifest.xml:18:5-87:19
48        android:name="com.panaceasoft.flutterbuyandsell.Application"
48-->src\main\AndroidManifest.xml:19:9-36
49        android:allowBackup="true"
49-->[org.jfrog.cardinalcommerce.gradle:cardinalmobilesdk:2.2.1-2] AndroidManifest.xml:14:9-35
50        android:appComponentFactory="androidx.core.app.CoreComponentFactory"
50-->[androidx.core:core:1.2.0] AndroidManifest.xml:24:18-86
51        android:icon="@mipmap/ic_launcher"
51-->src\main\AndroidManifest.xml:24:9-43
52        android:label="Classified Buy and Sell"
52-->src\main\AndroidManifest.xml:21:9-48
53        android:requestLegacyExternalStorage="true"
53-->src\main\AndroidManifest.xml:23:9-52
54        android:supportsRtl="true"
54-->[com.braintreepayments.api:drop-in:4.5.0] AndroidManifest.xml:16:9-35
55        android:theme="@style/Theme.AppCompat.Light.NoActionBar"
55-->[:stripe_payment] AndroidManifest.xml:11:18-74
56        android:usesCleartextTraffic="true" >
56-->src\main\AndroidManifest.xml:22:9-44
57        <activity
57-->src\main\AndroidManifest.xml:25:9-57:20
58            android:name="com.panaceasoft.flutterbuyandsell.MainActivity"
58-->src\main\AndroidManifest.xml:26:13-41
59            android:configChanges="orientation|keyboardHidden|keyboard|screenSize|smallestScreenSize|locale|layoutDirection|fontScale|screenLayout|density|uiMode"
59-->src\main\AndroidManifest.xml:29:13-163
60            android:hardwareAccelerated="true"
60-->src\main\AndroidManifest.xml:30:13-47
61            android:launchMode="singleTop"
61-->src\main\AndroidManifest.xml:27:13-43
62            android:theme="@style/LaunchTheme"
62-->src\main\AndroidManifest.xml:28:13-47
63            android:windowSoftInputMode="adjustResize" >
63-->src\main\AndroidManifest.xml:32:13-55
64
65            <!--
66                 This keeps the window background of the activity showing
67                 until Flutter renders its first frame. It can be removed if
68                 there is no splash screen (such as the default splash screen
69                 defined in @style/LaunchTheme).
70            -->
71            <meta-data
71-->src\main\AndroidManifest.xml:37:13-39:40
72                android:name="io.flutter.embedding.android.SplashScreenDrawable"
72-->src\main\AndroidManifest.xml:38:17-81
73                android:value="true" />
73-->src\main\AndroidManifest.xml:39:17-37
74
75            <intent-filter>
75-->src\main\AndroidManifest.xml:40:13-43:29
76                <action android:name="android.intent.action.MAIN" />
76-->src\main\AndroidManifest.xml:41:17-68
76-->src\main\AndroidManifest.xml:41:25-66
77
78                <category android:name="android.intent.category.LAUNCHER" />
78-->src\main\AndroidManifest.xml:42:17-76
78-->src\main\AndroidManifest.xml:42:27-74
79            </intent-filter>
80            <intent-filter>
80-->src\main\AndroidManifest.xml:44:13-47:29
81                <action android:name="FLUTTER_NOTIFICATION_CLICK" />
81-->src\main\AndroidManifest.xml:45:17-69
81-->src\main\AndroidManifest.xml:45:25-66
82
83                <category android:name="android.intent.category.DEFAULT" />
83-->src\main\AndroidManifest.xml:46:17-76
83-->src\main\AndroidManifest.xml:46:27-73
84            </intent-filter>
85            <intent-filter>
85-->src\main\AndroidManifest.xml:49:13-55:29
86                <action android:name="android.intent.action.VIEW" />
86-->src\main\AndroidManifest.xml:50:17-69
86-->src\main\AndroidManifest.xml:50:25-66
87
88                <category android:name="android.intent.category.DEFAULT" />
88-->src\main\AndroidManifest.xml:46:17-76
88-->src\main\AndroidManifest.xml:46:27-73
89                <category android:name="android.intent.category.BROWSABLE" />
89-->src\main\AndroidManifest.xml:52:17-78
89-->src\main\AndroidManifest.xml:52:27-75
90
91                <data
92                    android:host="panacea-soft.com"
92-->src\main\AndroidManifest.xml:53:23-54
93                    android:scheme="http" />
93-->src\main\AndroidManifest.xml:53:55-76
94                <data
95                    android:host="panacea-soft.com"
95-->src\main\AndroidManifest.xml:53:23-54
96                    android:scheme="https" />
96-->src\main\AndroidManifest.xml:53:55-76
97            </intent-filter>
98        </activity>
99        <activity
99-->src\main\AndroidManifest.xml:58:9-66:20
100            android:name="com.braintreepayments.api.BraintreeBrowserSwitchActivity"
100-->src\main\AndroidManifest.xml:58:19-90
101            android:launchMode="singleTask" >
101-->src\main\AndroidManifest.xml:59:13-44
102            <intent-filter>
102-->src\main\AndroidManifest.xml:60:13-65:29
103                <action android:name="android.intent.action.VIEW" />
103-->src\main\AndroidManifest.xml:50:17-69
103-->src\main\AndroidManifest.xml:50:25-66
104
105                <category android:name="android.intent.category.DEFAULT" />
105-->src\main\AndroidManifest.xml:46:17-76
105-->src\main\AndroidManifest.xml:46:27-73
106                <category android:name="android.intent.category.BROWSABLE" />
106-->src\main\AndroidManifest.xml:52:17-78
106-->src\main\AndroidManifest.xml:52:27-75
107
108                <data android:scheme="com.panaceasoft.flutterbuyandsell.braintree" />
108-->src\main\AndroidManifest.xml:53:55-76
109            </intent-filter>
110        </activity>
111
112        <meta-data
112-->src\main\AndroidManifest.xml:67:9-68:46
113            android:name="com.facebook.sdk.ApplicationId"
113-->src\main\AndroidManifest.xml:67:20-65
114            android:value="@string/facebook_app_id" />
114-->src\main\AndroidManifest.xml:68:5-44
115        <!-- TODO: Replace with your real AdMob app ID -->
116        <meta-data
116-->src\main\AndroidManifest.xml:70:9-72:66
117            android:name="com.google.android.gms.ads.APPLICATION_ID"
117-->src\main\AndroidManifest.xml:71:13-69
118            android:value="@string/android__admob_ads_id_key" />
118-->src\main\AndroidManifest.xml:72:13-63
119
120        <activity
120-->src\main\AndroidManifest.xml:73:9-76:40
121            android:name="com.facebook.FacebookActivity"
121-->src\main\AndroidManifest.xml:73:19-63
122            android:configChanges="keyboard|keyboardHidden|screenLayout|screenSize|orientation"
122-->src\main\AndroidManifest.xml:74:5-101
123            android:label="@string/app_name"
123-->src\main\AndroidManifest.xml:76:5-37
124            android:theme="@style/com_facebook_activity_theme" />
124-->[com.facebook.android:facebook-common:5.5.1] AndroidManifest.xml:32:13-63
125        <activity
125-->src\main\AndroidManifest.xml:77:9-86:20
126            android:name="com.facebook.CustomTabActivity"
126-->src\main\AndroidManifest.xml:78:13-58
127            android:exported="true" >
127-->src\main\AndroidManifest.xml:79:13-36
128            <intent-filter>
128-->src\main\AndroidManifest.xml:80:13-85:29
129                <action android:name="android.intent.action.VIEW" />
129-->src\main\AndroidManifest.xml:50:17-69
129-->src\main\AndroidManifest.xml:50:25-66
130
131                <category android:name="android.intent.category.DEFAULT" />
131-->src\main\AndroidManifest.xml:46:17-76
131-->src\main\AndroidManifest.xml:46:27-73
132                <category android:name="android.intent.category.BROWSABLE" />
132-->src\main\AndroidManifest.xml:52:17-78
132-->src\main\AndroidManifest.xml:52:27-75
133
134                <data android:scheme="@string/fb_login_protocol_scheme" />
134-->src\main\AndroidManifest.xml:53:55-76
135            </intent-filter>
136        </activity>
137
138        <service
138-->[:firebase_auth] AndroidManifest.xml:8:9-12:19
139            android:name="com.google.firebase.components.ComponentDiscoveryService"
139-->[:firebase_auth] AndroidManifest.xml:8:18-89
140            android:directBootAware="true"
140-->[com.google.firebase:firebase-common:19.3.0] AndroidManifest.xml:34:13-43
141            android:exported="false" >
141-->[com.google.firebase:firebase-messaging:20.1.7] AndroidManifest.xml:37:13-37
142            <meta-data
142-->[:firebase_auth] AndroidManifest.xml:9:13-11:85
143                android:name="com.google.firebase.components:io.flutter.plugins.firebase.auth.FlutterFirebaseAuthRegistrar"
143-->[:firebase_auth] AndroidManifest.xml:10:17-124
144                android:value="com.google.firebase.components.ComponentRegistrar" />
144-->[:firebase_auth] AndroidManifest.xml:11:17-82
145            <meta-data
145-->[:firebase_database] AndroidManifest.xml:9:13-11:85
146                android:name="com.google.firebase.components:io.flutter.plugins.firebase.database.FlutterFirebaseAppRegistrar"
146-->[:firebase_database] AndroidManifest.xml:10:17-127
147                android:value="com.google.firebase.components.ComponentRegistrar" />
147-->[:firebase_database] AndroidManifest.xml:11:17-82
148            <meta-data
148-->[:firebase_messaging] AndroidManifest.xml:14:13-16:85
149                android:name="com.google.firebase.components:io.flutter.plugins.firebasemessaging.FlutterFirebaseAppRegistrar"
149-->[:firebase_messaging] AndroidManifest.xml:15:17-127
150                android:value="com.google.firebase.components.ComponentRegistrar" />
150-->[:firebase_messaging] AndroidManifest.xml:16:17-82
151            <meta-data
151-->[:firebase_core] AndroidManifest.xml:9:13-11:85
152                android:name="com.google.firebase.components:io.flutter.plugins.firebase.core.FlutterFirebaseCoreRegistrar"
152-->[:firebase_core] AndroidManifest.xml:10:17-124
153                android:value="com.google.firebase.components.ComponentRegistrar" />
153-->[:firebase_core] AndroidManifest.xml:11:17-82
154            <meta-data
154-->[com.google.firebase:firebase-messaging:20.1.7] AndroidManifest.xml:38:13-40:85
155                android:name="com.google.firebase.components:com.google.firebase.messaging.FirebaseMessagingRegistrar"
155-->[com.google.firebase:firebase-messaging:20.1.7] AndroidManifest.xml:39:17-119
156                android:value="com.google.firebase.components.ComponentRegistrar" />
156-->[com.google.firebase:firebase-messaging:20.1.7] AndroidManifest.xml:40:17-82
157            <meta-data
157-->[:firebase_dynamic_links] AndroidManifest.xml:11:13-13:85
158                android:name="com.google.firebase.components:io.flutter.plugins.firebasedynamiclinks.FlutterFirebaseAppRegistrar"
158-->[:firebase_dynamic_links] AndroidManifest.xml:12:17-130
159                android:value="com.google.firebase.components.ComponentRegistrar" />
159-->[:firebase_dynamic_links] AndroidManifest.xml:13:17-82
160            <meta-data
160-->[com.google.firebase:firebase-auth:19.3.1] AndroidManifest.xml:36:13-38:85
161                android:name="com.google.firebase.components:com.google.firebase.auth.FirebaseAuthRegistrar"
161-->[com.google.firebase:firebase-auth:19.3.1] AndroidManifest.xml:37:17-109
162                android:value="com.google.firebase.components.ComponentRegistrar" />
162-->[com.google.firebase:firebase-auth:19.3.1] AndroidManifest.xml:38:17-82
163            <meta-data
163-->[com.google.firebase:firebase-dynamic-links:19.1.0] AndroidManifest.xml:9:13-11:85
164                android:name="com.google.firebase.components:com.google.firebase.dynamiclinks.internal.FirebaseDynamicLinkRegistrar"
164-->[com.google.firebase:firebase-dynamic-links:19.1.0] AndroidManifest.xml:10:17-133
165                android:value="com.google.firebase.components.ComponentRegistrar" />
165-->[com.google.firebase:firebase-dynamic-links:19.1.0] AndroidManifest.xml:11:17-82
166            <meta-data
166-->[com.google.firebase:firebase-database:19.3.0] AndroidManifest.xml:32:13-34:85
167                android:name="com.google.firebase.components:com.google.firebase.database.DatabaseRegistrar"
167-->[com.google.firebase:firebase-database:19.3.0] AndroidManifest.xml:33:17-109
168                android:value="com.google.firebase.components.ComponentRegistrar" />
168-->[com.google.firebase:firebase-database:19.3.0] AndroidManifest.xml:34:17-82
169            <meta-data
169-->[com.google.android.gms:play-services-measurement-api:17.4.1] AndroidManifest.xml:30:13-32:85
170                android:name="com.google.firebase.components:com.google.firebase.analytics.connector.internal.AnalyticsConnectorRegistrar"
170-->[com.google.android.gms:play-services-measurement-api:17.4.1] AndroidManifest.xml:31:17-139
171                android:value="com.google.firebase.components.ComponentRegistrar" />
171-->[com.google.android.gms:play-services-measurement-api:17.4.1] AndroidManifest.xml:32:17-82
172            <meta-data
172-->[com.google.firebase:firebase-iid:20.1.7] AndroidManifest.xml:32:13-34:85
173                android:name="com.google.firebase.components:com.google.firebase.iid.Registrar"
173-->[com.google.firebase:firebase-iid:20.1.7] AndroidManifest.xml:33:17-96
174                android:value="com.google.firebase.components.ComponentRegistrar" />
174-->[com.google.firebase:firebase-iid:20.1.7] AndroidManifest.xml:34:17-82
175            <meta-data
175-->[com.google.firebase:firebase-datatransport:17.0.3] AndroidManifest.xml:28:13-30:85
176                android:name="com.google.firebase.components:com.google.firebase.datatransport.TransportRegistrar"
176-->[com.google.firebase:firebase-datatransport:17.0.3] AndroidManifest.xml:29:17-115
177                android:value="com.google.firebase.components.ComponentRegistrar" />
177-->[com.google.firebase:firebase-datatransport:17.0.3] AndroidManifest.xml:30:17-82
178            <meta-data
178-->[com.google.firebase:firebase-installations:16.3.0] AndroidManifest.xml:17:13-19:85
179                android:name="com.google.firebase.components:com.google.firebase.installations.FirebaseInstallationsRegistrar"
179-->[com.google.firebase:firebase-installations:16.3.0] AndroidManifest.xml:18:17-127
180                android:value="com.google.firebase.components.ComponentRegistrar" />
180-->[com.google.firebase:firebase-installations:16.3.0] AndroidManifest.xml:19:17-82
181        </service>
182        <service android:name="io.flutter.plugins.firebasemessaging.FlutterFirebaseMessagingService" >
182-->[:firebase_messaging] AndroidManifest.xml:8:9-12:19
182-->[:firebase_messaging] AndroidManifest.xml:8:18-101
183            <intent-filter>
183-->[:firebase_messaging] AndroidManifest.xml:9:13-11:29
184                <action android:name="com.google.firebase.MESSAGING_EVENT" />
184-->[:firebase_messaging] AndroidManifest.xml:10:17-78
184-->[:firebase_messaging] AndroidManifest.xml:10:25-75
185            </intent-filter>
186        </service>
187        <!--
188             FirebaseMessagingService performs security checks at runtime,
189             but set to not exported to explicitly avoid allowing another app to call it.
190        -->
191        <service
191-->[com.google.firebase:firebase-messaging:20.1.7] AndroidManifest.xml:28:9-34:19
192            android:name="com.google.firebase.messaging.FirebaseMessagingService"
192-->[com.google.firebase:firebase-messaging:20.1.7] AndroidManifest.xml:29:13-82
193            android:exported="false" >
193-->[com.google.firebase:firebase-messaging:20.1.7] AndroidManifest.xml:30:13-37
194            <intent-filter android:priority="-500" >
194-->[:firebase_messaging] AndroidManifest.xml:9:13-11:29
195                <action android:name="com.google.firebase.MESSAGING_EVENT" />
195-->[:firebase_messaging] AndroidManifest.xml:10:17-78
195-->[:firebase_messaging] AndroidManifest.xml:10:25-75
196            </intent-filter>
197        </service>
198
199        <activity
199-->[:razorpay_flutter] AndroidManifest.xml:8:9-11:20
200            android:name="com.razorpay.CheckoutActivity"
200-->[:razorpay_flutter] AndroidManifest.xml:9:13-57
201            android:configChanges="keyboard|keyboardHidden|orientation|screenSize"
201-->[com.razorpay:checkout:1.5.16] AndroidManifest.xml:20:13-83
202            android:label="Razorpay Checkout"
202-->[:razorpay_flutter] AndroidManifest.xml:10:13-46
203            android:theme="@style/CheckoutTheme" >
203-->[com.razorpay:checkout:1.5.16] AndroidManifest.xml:21:13-49
204            <intent-filter>
204-->[com.razorpay:checkout:1.5.16] AndroidManifest.xml:22:13-28:29
205                <action android:name="android.intent.action.MAIN" />
205-->src\main\AndroidManifest.xml:41:17-68
205-->src\main\AndroidManifest.xml:41:25-66
206
207                <data
208                    android:host="rzp.io"
208-->src\main\AndroidManifest.xml:53:23-54
209                    android:scheme="io.rzp" />
209-->src\main\AndroidManifest.xml:53:55-76
210            </intent-filter>
211        </activity>
212
213        <meta-data
213-->[:stripe_payment] AndroidManifest.xml:12:9-14:36
214            android:name="com.google.android.gms.wallet.api.enabled"
214-->[:stripe_payment] AndroidManifest.xml:13:13-69
215            android:value="true" />
215-->[:stripe_payment] AndroidManifest.xml:14:13-33
216
217        <activity
217-->[:stripe_payment] AndroidManifest.xml:16:9-20:75
218            android:name="com.gettipsi.stripe.OpenBrowserActivity"
218-->[:stripe_payment] AndroidManifest.xml:17:13-67
219            android:exported="false"
219-->[:stripe_payment] AndroidManifest.xml:18:13-37
220            android:launchMode="singleTask"
220-->[:stripe_payment] AndroidManifest.xml:19:13-44
221            android:theme="@android:style/Theme.Translucent.NoTitleBar" />
221-->[:stripe_payment] AndroidManifest.xml:20:13-72
222        <activity
222-->[:stripe_payment] AndroidManifest.xml:21:9-34:20
223            android:name="com.gettipsi.stripe.RedirectUriReceiver"
223-->[:stripe_payment] AndroidManifest.xml:22:13-67
224            android:exported="true"
224-->[:stripe_payment] AndroidManifest.xml:23:13-36
225            android:launchMode="singleTask"
225-->[:stripe_payment] AndroidManifest.xml:24:13-44
226            android:theme="@android:style/Theme.Translucent.NoTitleBar.Fullscreen" >
226-->[:stripe_payment] AndroidManifest.xml:25:13-83
227            <intent-filter>
227-->[:stripe_payment] AndroidManifest.xml:26:13-33:29
228                <action android:name="android.intent.action.VIEW" />
228-->src\main\AndroidManifest.xml:50:17-69
228-->src\main\AndroidManifest.xml:50:25-66
229
230                <category android:name="android.intent.category.DEFAULT" />
230-->src\main\AndroidManifest.xml:46:17-76
230-->src\main\AndroidManifest.xml:46:27-73
231                <category android:name="android.intent.category.BROWSABLE" />
231-->src\main\AndroidManifest.xml:52:17-78
231-->src\main\AndroidManifest.xml:52:27-75
232
233                <data android:scheme="example" />
233-->src\main\AndroidManifest.xml:53:55-76
234            </intent-filter>
235        </activity>
236        <activity
236-->[:flutter_paystack] AndroidManifest.xml:10:9-12:54
237            android:name="co.paystack.flutterpaystack.AuthActivity"
237-->[:flutter_paystack] AndroidManifest.xml:11:13-68
238            android:theme="@style/Paystack.Dialog" />
238-->[:flutter_paystack] AndroidManifest.xml:12:13-51
239        <activity
239-->[:url_launcher] AndroidManifest.xml:8:9-11:74
240            android:name="io.flutter.plugins.urllauncher.WebViewActivity"
240-->[:url_launcher] AndroidManifest.xml:9:13-74
241            android:exported="false"
241-->[:url_launcher] AndroidManifest.xml:10:13-37
242            android:theme="@android:style/Theme.NoTitleBar.Fullscreen" />
242-->[:url_launcher] AndroidManifest.xml:11:13-71
243
244        <provider
244-->[:flutter_webview_plugin] AndroidManifest.xml:9:9-18:20
245            android:name="androidx.core.content.FileProvider"
245-->[:flutter_webview_plugin] AndroidManifest.xml:10:13-62
246            android:authorities="com.panaceasoft.flutterbuyandsell.fileprovider"
246-->[:flutter_webview_plugin] AndroidManifest.xml:11:13-64
247            android:exported="false"
247-->[:flutter_webview_plugin] AndroidManifest.xml:12:13-37
248            android:grantUriPermissions="true" >
248-->[:flutter_webview_plugin] AndroidManifest.xml:13:13-47
249            <meta-data
249-->[:flutter_webview_plugin] AndroidManifest.xml:15:13-17:53
250                android:name="android.support.FILE_PROVIDER_PATHS"
250-->[:flutter_webview_plugin] AndroidManifest.xml:16:17-67
251                android:resource="@xml/filepaths" />
251-->[:flutter_webview_plugin] AndroidManifest.xml:17:17-50
252        </provider>
253
254        <activity
254-->[com.google.android.gms:play-services-auth:16.0.1] AndroidManifest.xml:23:9-27:75
255            android:name="com.google.android.gms.auth.api.signin.internal.SignInHubActivity"
255-->[com.google.android.gms:play-services-auth:16.0.1] AndroidManifest.xml:24:13-93
256            android:excludeFromRecents="true"
256-->[com.google.android.gms:play-services-auth:16.0.1] AndroidManifest.xml:25:13-46
257            android:exported="false"
257-->[com.google.android.gms:play-services-auth:16.0.1] AndroidManifest.xml:26:13-37
258            android:theme="@android:style/Theme.Translucent.NoTitleBar" />
258-->[com.google.android.gms:play-services-auth:16.0.1] AndroidManifest.xml:27:13-72
259        <!--
260            Service handling Google Sign-In user revocation. For apps that do not integrate with
261            Google Sign-In, this service will never be started.
262        -->
263        <service
263-->[com.google.android.gms:play-services-auth:16.0.1] AndroidManifest.xml:33:9-36:110
264            android:name="com.google.android.gms.auth.api.signin.RevocationBoundService"
264-->[com.google.android.gms:play-services-auth:16.0.1] AndroidManifest.xml:34:13-89
265            android:exported="true"
265-->[com.google.android.gms:play-services-auth:16.0.1] AndroidManifest.xml:35:13-36
266            android:permission="com.google.android.gms.auth.api.signin.permission.REVOCATION_NOTIFICATION" /> <!-- Needs to be explicitly declared on P+ -->
266-->[com.google.android.gms:play-services-auth:16.0.1] AndroidManifest.xml:36:13-107
267        <uses-library
267-->[com.google.android.gms:play-services-maps:17.0.0] AndroidManifest.xml:33:9-35:40
268            android:name="org.apache.http.legacy"
268-->[com.google.android.gms:play-services-maps:17.0.0] AndroidManifest.xml:34:13-50
269            android:required="false" />
269-->[com.google.android.gms:play-services-maps:17.0.0] AndroidManifest.xml:35:13-37
270
271        <activity
271-->[com.google.firebase:firebase-auth:19.3.1] AndroidManifest.xml:24:9-31:50
272            android:name="com.google.firebase.auth.internal.FederatedSignInActivity"
272-->[com.google.firebase:firebase-auth:19.3.1] AndroidManifest.xml:25:13-85
273            android:excludeFromRecents="true"
273-->[com.google.firebase:firebase-auth:19.3.1] AndroidManifest.xml:26:13-46
274            android:exported="true"
274-->[com.google.firebase:firebase-auth:19.3.1] AndroidManifest.xml:27:13-36
275            android:launchMode="singleTask"
275-->[com.google.firebase:firebase-auth:19.3.1] AndroidManifest.xml:28:13-44
276            android:permission="com.google.firebase.auth.api.gms.permission.LAUNCH_FEDERATED_SIGN_IN"
276-->[com.google.firebase:firebase-auth:19.3.1] AndroidManifest.xml:29:13-102
277            android:theme="@android:style/Theme.Translucent.NoTitleBar" />
277-->[com.google.firebase:firebase-auth:19.3.1] AndroidManifest.xml:30:13-72
278
279        <receiver
279-->[com.google.firebase:firebase-iid:20.1.7] AndroidManifest.xml:37:9-44:20
280            android:name="com.google.firebase.iid.FirebaseInstanceIdReceiver"
280-->[com.google.firebase:firebase-iid:20.1.7] AndroidManifest.xml:38:13-78
281            android:exported="true"
281-->[com.google.firebase:firebase-iid:20.1.7] AndroidManifest.xml:39:13-36
282            android:permission="com.google.android.c2dm.permission.SEND" >
282-->[com.google.firebase:firebase-iid:20.1.7] AndroidManifest.xml:40:13-73
283            <intent-filter>
283-->[com.google.firebase:firebase-iid:20.1.7] AndroidManifest.xml:41:13-43:29
284                <action android:name="com.google.android.c2dm.intent.RECEIVE" />
284-->[com.google.firebase:firebase-iid:20.1.7] AndroidManifest.xml:42:17-81
284-->[com.google.firebase:firebase-iid:20.1.7] AndroidManifest.xml:42:25-78
285            </intent-filter>
286        </receiver>
287
288        <activity
288-->[com.google.android.gms:play-services-base:17.2.1] AndroidManifest.xml:23:9-26:75
289            android:name="com.google.android.gms.common.api.GoogleApiActivity"
289-->[com.google.android.gms:play-services-base:17.2.1] AndroidManifest.xml:24:13-79
290            android:exported="false"
290-->[com.google.android.gms:play-services-base:17.2.1] AndroidManifest.xml:25:13-37
291            android:theme="@android:style/Theme.Translucent.NoTitleBar" />
291-->[com.google.android.gms:play-services-base:17.2.1] AndroidManifest.xml:26:13-72
292        <activity
292-->[com.stripe:stripe-android:10.4.6] AndroidManifest.xml:12:9-14:57
293            android:name="com.stripe.android.view.AddPaymentMethodActivity"
293-->[com.stripe:stripe-android:10.4.6] AndroidManifest.xml:13:13-76
294            android:theme="@style/StripeDefaultTheme" />
294-->[com.stripe:stripe-android:10.4.6] AndroidManifest.xml:14:13-54
295        <activity
295-->[com.stripe:stripe-android:10.4.6] AndroidManifest.xml:15:9-17:57
296            android:name="com.stripe.android.view.PaymentMethodsActivity"
296-->[com.stripe:stripe-android:10.4.6] AndroidManifest.xml:16:13-74